Log file open, 07/08/22 16:01:13
LogWindows: Failed to load 'aqProf.dll' (GetLastError=126)
LogWindows: File 'aqProf.dll' does not exist
LogWindows: Failed to load 'VtuneApi.dll' (GetLastError=126)
LogWindows: File 'VtuneApi.dll' does not exist
LogWindows: Failed to load 'VtuneApi32e.dll' (GetLastError=126)
LogWindows: File 'VtuneApi32e.dll' does not exist
LogConsoleResponse: Display: Failed to find resolution value strings in scalability ini. Falling back to default.
LogConsoleResponse: Display: Failed to find resolution value strings in scalability ini. Falling back to default.
LogInit: Display: Running engine for game: GameJam
LogPlatformFile: Not using cached read wrapper
LogTaskGraph: Started task graph with 5 named threads and 35 total threads with 3 sets of task threads.
LogStats: Stats thread started at 1.058931
LogICUInternationalization: ICU TimeZone Detection - Raw Offset: +1:00, Platform Override: ''
LogInit: Display: Loading text-based GConfig....
LogPluginManager: Mounting plugin FMODStudio
LogPluginManager: Mounting plugin MeshPainting
LogPluginManager: Mounting plugin XGEController
LogPluginManager: Mounting plugin Paper2D
LogPluginManager: Mounting plugin EnvironmentQueryEditor
LogPluginManager: Mounting plugin AISupport
LogPluginManager: Mounting plugin LiveLink
LogPluginManager: Mounting plugin GameplayCameras
LogPluginManager: Mounting plugin OodleData
LogPluginManager: Mounting plugin OodleNetwork
LogPluginManager: Mounting plugin AnimationSharing
LogPluginManager: Mounting plugin CameraShakePreviewer
LogPluginManager: Mounting plugin GitSourceControl
LogPluginManager: Mounting plugin CLionSourceCodeAccess
LogPluginManager: Mounting plugin PerforceSourceControl
LogPluginManager: Mounting plugin CodeLiteSourceCodeAccess
LogPluginManager: Mounting plugin PixWinPlugin
LogPluginManager: Mounting plugin PlasticSourceControl
LogPluginManager: Mounting plugin PluginUtils
LogPluginManager: Mounting plugin PropertyAccessNode
LogPluginManager: Mounting plugin RiderSourceCodeAccess
LogPluginManager: Mounting plugin SubversionSourceControl
LogPluginManager: Mounting plugin VisualStudioSourceCodeAccess
LogPluginManager: Mounting plugin AssetManagerEditor
LogPluginManager: Mounting plugin KDevelopSourceCodeAccess
LogPluginManager: Mounting plugin NullSourceCodeAccess
LogPluginManager: Mounting plugin CryptoKeys
LogPluginManager: Mounting plugin TextureFormatOodle
LogPluginManager: Mounting plugin CurveEditorTools
LogPluginManager: Mounting plugin UObjectPlugin
LogPluginManager: Mounting plugin DataValidation
LogPluginManager: Mounting plugin VisualStudioCodeSourceCodeAccess
LogPluginManager: Mounting plugin FacialAnimation
LogPluginManager: Mounting plugin GameplayTagsEditor
LogPluginManager: Mounting plugin XCodeSourceCodeAccess
LogPluginManager: Mounting plugin BlueprintMaterialTextureNodes
LogPluginManager: Mounting plugin MacGraphicsSwitching
LogPluginManager: Mounting plugin GeometryMode
LogPluginManager: Mounting plugin MaterialAnalyzer
LogPluginManager: Mounting plugin MobileLauncherProfileWizard
LogPluginManager: Mounting plugin PluginBrowser
LogPluginManager: Mounting plugin DatasmithContent
LogPluginManager: Mounting plugin AlembicImporter
LogPluginManager: Mounting plugin VariantManagerContent
LogPluginManager: Mounting plugin BackChannel
LogPluginManager: Mounting plugin SpeedTreeImporter
LogPluginManager: Mounting plugin ChaosCloth
LogPluginManager: Mounting plugin ChaosClothEditor
LogPluginManager: Mounting plugin AutomationUtils
LogPluginManager: Mounting plugin ChaosEditor
LogPluginManager: Mounting plugin ChaosSolverPlugin
LogPluginManager: Mounting plugin GeometryCache
LogPluginManager: Mounting plugin GeometryCollectionPlugin
LogPluginManager: Mounting plugin GeometryProcessing
LogPluginManager: Mounting plugin MotoSynth
LogPluginManager: Mounting plugin PlatformCrypto
LogPluginManager: Mounting plugin ProxyLODPlugin
LogPluginManager: Mounting plugin PythonScriptPlugin
LogPluginManager: Mounting plugin SkeletalReduction
LogPluginManager: Mounting plugin Water
LogPluginManager: Mounting plugin CharacterAI
LogPluginManager: Mounting plugin Niagara
LogPluginManager: Mounting plugin LuminPlatformFeatures
LogPluginManager: Mounting plugin MagicLeap
LogPluginManager: Mounting plugin MagicLeapMedia
LogPluginManager: Mounting plugin MagicLeapPassableWorld
LogPluginManager: Mounting plugin Landmass
LogPluginManager: Mounting plugin OpenImageDenoise
LogPluginManager: Mounting plugin PlanarCut
LogPluginManager: Mounting plugin Substance
LogPluginManager: Mounting plugin MLSDK
LogPluginManager: Mounting plugin AndroidMedia
LogPluginManager: Mounting plugin AvfMedia
LogPluginManager: Mounting plugin ChaosNiagara
LogPluginManager: Mounting plugin ImgMedia
LogPluginManager: Mounting plugin MediaCompositing
LogPluginManager: Mounting plugin MediaPlayerEditor
LogPluginManager: Mounting plugin WebMMedia
LogPluginManager: Mounting plugin WmfMedia
LogPluginManager: Mounting plugin TcpMessaging
LogPluginManager: Mounting plugin UdpMessaging
LogPluginManager: Mounting plugin ActorSequence
LogPluginManager: Mounting plugin LevelSequenceEditor
LogPluginManager: Mounting plugin MatineeToLevelSequence
LogPluginManager: Mounting plugin MagicLeapLightEstimation
LogPluginManager: Mounting plugin TemplateSequence
LogPluginManager: Mounting plugin OnlineSubsystem
LogPluginManager: Mounting plugin OnlineSubsystemNull
LogPluginManager: Mounting plugin OnlineSubsystemUtils
LogPluginManager: Mounting plugin ActorLayerUtilities
LogPluginManager: Mounting plugin AudioSynesthesia
LogPluginManager: Mounting plugin AndroidDeviceProfileSelector
LogPluginManager: Mounting plugin AndroidMoviePlayer
LogPluginManager: Mounting plugin ChunkDownloader
LogPluginManager: Mounting plugin AndroidPermission
LogPluginManager: Mounting plugin EditableMesh
LogPluginManager: Mounting plugin ExampleDeviceProfileSelector
LogPluginManager: Mounting plugin AppleImageUtils
LogPluginManager: Mounting plugin AppleMoviePlayer
LogPluginManager: Mounting plugin ArchVisCharacter
LogPluginManager: Mounting plugin AssetTags
LogPluginManager: Mounting plugin AudioCapture
LogPluginManager: Mounting plugin CableComponent
LogPluginManager: Mounting plugin CustomMeshComponent
LogPluginManager: Mounting plugin GoogleCloudMessaging
LogPluginManager: Mounting plugin GooglePAD
LogPluginManager: Mounting plugin OpenXR
LogPluginManager: Mounting plugin IOSDeviceProfileSelector
LogPluginManager: Mounting plugin OpenXRHandTracking
LogPluginManager: Mounting plugin LinuxDeviceProfileSelector
LogPluginManager: Mounting plugin LocationServicesBPLibrary
LogPluginManager: Mounting plugin PhysXVehicles
LogPluginManager: Mounting plugin ProceduralMeshComponent
LogPluginManager: Mounting plugin PropertyAccessEditor
LogPluginManager: Mounting plugin MobilePatchingUtils
LogPluginManager: Mounting plugin OpenXREyeTracker
LogPluginManager: Mounting plugin PostSplashScreen
LogPluginManager: Mounting plugin RuntimePhysXCooking
LogPluginManager: Mounting plugin SignificanceManager
LogPluginManager: Mounting plugin SoundFields
LogPluginManager: Mounting plugin WebMMoviePlayer
LogPluginManager: Mounting plugin WindowsMoviePlayer
LogPluginManager: Mounting plugin Synthesis
LogPluginManager: Mounting plugin Takes
LogPluginManager: Mounting plugin ScreenshotTools
LogPluginManager: Mounting plugin LightPropagationVolume
LogPluginManager: Mounting plugin LauncherChunkInstaller
LogPluginManager: Mounting plugin ContentBrowserAssetDataSource
LogPluginManager: Mounting plugin ContentBrowserClassDataSource
LogPluginManager: Mounting plugin ContentBrowserFileDataSource
LogPluginManager: Mounting plugin OnlineSubsystemGooglePlay
LogPluginManager: Mounting plugin OnlineSubsystemIOS
LogPluginManager: Mounting plugin SteamVR
LogPluginManager: Mounting plugin OculusVR
PixWinPlugin: PIX capture plugin failed to initialize! Check that the process is launched from PIX.
LogInit: Using libcurl 7.55.1-DEV
LogInit:  - built for x86_64-pc-win32
LogInit:  - supports SSL with OpenSSL/1.1.1
LogInit:  - supports HTTP deflate (compression) using libz 1.2.8
LogInit:  - other features:
LogInit:      CURL_VERSION_SSL
LogInit:      CURL_VERSION_LIBZ
LogInit:      CURL_VERSION_IPV6
LogInit:      CURL_VERSION_ASYNCHDNS
LogInit:      CURL_VERSION_LARGEFILE
LogInit:      CURL_VERSION_IDN
LogInit:  CurlRequestOptions (configurable via config and command line):
LogInit:  - bVerifyPeer = true  - Libcurl will verify peer certificate
LogInit:  - bUseHttpProxy = false  - Libcurl will NOT use HTTP proxy
LogInit:  - bDontReuseConnections = false  - Libcurl will reuse connections
LogInit:  - MaxHostConnections = 16  - Libcurl will limit the number of connections to a host
LogInit:  - LocalHostAddr = Default
LogInit:  - BufferSize = 65536
LogOnline: OSS: Creating online subsystem instance for: NULL
LogInit: WinSock: version 1.1 (2.2), MaxSocks=32767, MaxUdp=65467
LogOnline: OSS: TryLoadSubsystemAndSetDefault: Loaded subsystem for module [NULL]
LogOculusPluginWrapper: OculusPlugin initialized successfully
LogHMD: Failed initializing OVRPlugin 1.59.0
LogInit: Build: ++UE4+Release-4.27-CL-18319896
LogInit: Engine Version: 4.27.2-18319896+++UE4+Release-4.27
LogInit: Compatible Engine Version: 4.27.0-17155196+++UE4+Release-4.27
LogInit: Net CL: 17155196
LogInit: OS: Windows 10 (Release 2009) (), CPU: Intel(R) Core(TM) i7-8750H CPU @ 2.20GHz, GPU: Intel(R) UHD Graphics 630
LogInit: Compiled (64-bit): Nov 30 2021 07:12:08
LogInit: Compiled with Visual C++: 19.24.28315.00
LogInit: Build Configuration: Development
LogInit: Branch Name: ++UE4+Release-4.27
LogInit: Command Line: 
LogInit: Base Directory: E:/Games/UE_4.27/Engine/Binaries/Win64/
LogInit: Allocator: TBB
LogInit: Installed Engine Build: 1
LogDevObjectVersion: Number of dev versions registered: 29
LogDevObjectVersion:   Dev-Blueprints (B0D832E4-1F89-4F0D-ACCF-7EB736FD4AA2): 10
LogDevObjectVersion:   Dev-Build (E1C64328-A22C-4D53-A36C-8E866417BD8C): 0
LogDevObjectVersion:   Dev-Core (375EC13C-06E4-48FB-B500-84F0262A717E): 4
LogDevObjectVersion:   Dev-Editor (E4B068ED-F494-42E9-A231-DA0B2E46BB41): 40
LogDevObjectVersion:   Dev-Framework (CFFC743F-43B0-4480-9391-14DF171D2073): 37
LogDevObjectVersion:   Dev-Mobile (B02B49B5-BB20-44E9-A304-32B752E40360): 3
LogDevObjectVersion:   Dev-Networking (A4E4105C-59A1-49B5-A7C5-40C4547EDFEE): 0
LogDevObjectVersion:   Dev-Online (39C831C9-5AE6-47DC-9A44-9C173E1C8E7C): 0
LogDevObjectVersion:   Dev-Physics (78F01B33-EBEA-4F98-B9B4-84EACCB95AA2): 14
LogDevObjectVersion:   Dev-Platform (6631380F-2D4D-43E0-8009-CF276956A95A): 0
LogDevObjectVersion:   Dev-Rendering (12F88B9F-8875-4AFC-A67C-D90C383ABD29): 45
LogDevObjectVersion:   Dev-Sequencer (7B5AE74C-D270-4C10-A958-57980B212A5A): 13
LogDevObjectVersion:   Dev-VR (D7296918-1DD6-4BDD-9DE2-64A83CC13884): 3
LogDevObjectVersion:   Dev-LoadTimes (C2A15278-BFE7-4AFE-6C17-90FF531DF755): 1
LogDevObjectVersion:   Private-Geometry (6EACA3D4-40EC-4CC1-B786-8BED09428FC5): 3
LogDevObjectVersion:   Dev-AnimPhys (29E575DD-E0A3-4627-9D10-D276232CDCEA): 17
LogDevObjectVersion:   Dev-Anim (AF43A65D-7FD3-4947-9873-3E8ED9C1BB05): 15
LogDevObjectVersion:   Dev-ReflectionCapture (6B266CEC-1EC7-4B8F-A30B-E4D90942FC07): 1
LogDevObjectVersion:   Dev-Automation (0DF73D61-A23F-47EA-B727-89E90C41499A): 1
LogDevObjectVersion:   FortniteMain (601D1886-AC64-4F84-AA16-D3DE0DEAC7D6): 47
LogDevObjectVersion:   FortniteRelease (E7086368-6B23-4C58-8439-1B7016265E91): 1
LogDevObjectVersion:   Dev-Enterprise (9DFFBCD6-494F-0158-E221-12823C92A888): 10
LogDevObjectVersion:   Dev-Niagara (F2AED0AC-9AFE-416F-8664-AA7FFA26D6FC): 1
LogDevObjectVersion:   Dev-Destruction (174F1F0B-B4C6-45A5-B13F-2EE8D0FB917D): 10
LogDevObjectVersion:   Dev-Physics-Ext (35F94A83-E258-406C-A318-09F59610247C): 41
LogDevObjectVersion:   Dev-PhysicsMaterial-Chaos (B68FC16E-8B1B-42E2-B453-215C058844FE): 1
LogDevObjectVersion:   Dev-CineCamera (B2E18506-4273-CFC2-A54E-F4BB758BBA07): 1
LogDevObjectVersion:   Dev-VirtualProduction (64F58936-FD1B-42BA-BA96-7289D5D0FA4E): 1
LogDevObjectVersion:   Dev-MediaFramework (6F0ED827-A609-4895-9C91-998D90180EA4): 2
LogInit: Presizing for max 25165824 objects, including 0 objects not considered by GC, pre-allocating 0 bytes for permanent pool.
LogConfig: Applying CVar settings from Section [/Script/Engine.StreamingSettings] File [E:/UnrealProject/gamejam/GameJam/Saved/Config/Windows/Engine.ini]
LogConfig: Setting CVar [[s.MinBulkDataSizeForAsyncLoading:131072]]
LogConfig: Setting CVar [[s.AsyncLoadingThreadEnabled:0]]
LogConfig: Setting CVar [[s.EventDrivenLoaderEnabled:1]]
LogConfig: Setting CVar [[s.WarnIfTimeLimitExceeded:0]]
LogConfig: Setting CVar [[s.TimeLimitExceededMultiplier:1.5]]
LogConfig: Setting CVar [[s.TimeLimitExceededMinTime:0.005]]
LogConfig: Setting CVar [[s.UseBackgroundLevelStreaming:1]]
LogConfig: Setting CVar [[s.PriorityAsyncLoadingExtraTime:15.0]]
LogConfig: Setting CVar [[s.LevelStreamingActorsUpdateTimeLimit:5.0]]
LogConfig: Setting CVar [[s.PriorityLevelStreamingActorsUpdateExtraTime:5.0]]
LogConfig: Setting CVar [[s.LevelStreamingComponentsRegistrationGranularity:10]]
LogConfig: Setting CVar [[s.UnregisterComponentsTimeLimit:1.0]]
LogConfig: Setting CVar [[s.LevelStreamingComponentsUnregistrationGranularity:5]]
LogConfig: Setting CVar [[s.FlushStreamingOnExit:1]]
LogInit: Object subsystem initialized
LogConfig: Setting CVar [[con.DebugEarlyDefault:1]]
LogConfig: Setting CVar [[r.setres:1280x720]]
LogConfig: Setting CVar [[fx.NiagaraAllowRuntimeScalabilityChanges:1]]
[2022.07.08-14.01.20:893][  0]LogConfig: Setting CVar [[r.VSync:0]]
[2022.07.08-14.01.20:893][  0]LogConfig: Setting CVar [[r.RHICmdBypass:0]]
[2022.07.08-14.01.20:894][  0]LogConfig: Applying CVar settings from Section [/Script/Engine.RendererSettings] File [E:/UnrealProject/gamejam/GameJam/Saved/Config/Windows/Engine.ini]
[2022.07.08-14.01.20:894][  0]LogConfig: Setting CVar [[r.GPUCrashDebugging:0]]
[2022.07.08-14.01.20:894][  0]LogConfig: Setting CVar [[r.VirtualTextures:1]]
[2022.07.08-14.01.20:894][  0]LogConfig: Setting CVar [[r.SupportSkyAtmosphereAffectsHeightFog:1]]
[2022.07.08-14.01.20:894][  0]LogConfig: Applying CVar settings from Section [/Script/Engine.RendererOverrideSettings] File [E:/UnrealProject/gamejam/GameJam/Saved/Config/Windows/Engine.ini]
[2022.07.08-14.01.20:894][  0]LogConfig: Applying CVar settings from Section [/Script/Engine.StreamingSettings] File [E:/UnrealProject/gamejam/GameJam/Saved/Config/Windows/Engine.ini]
[2022.07.08-14.01.20:894][  0]LogConfig: Setting CVar [[s.MinBulkDataSizeForAsyncLoading:131072]]
[2022.07.08-14.01.20:894][  0]LogConfig: Setting CVar [[s.AsyncLoadingThreadEnabled:0]]
[2022.07.08-14.01.20:894][  0]LogConfig: Setting CVar [[s.EventDrivenLoaderEnabled:1]]
[2022.07.08-14.01.20:894][  0]LogConfig: Setting CVar [[s.WarnIfTimeLimitExceeded:0]]
[2022.07.08-14.01.20:894][  0]LogConfig: Setting CVar [[s.TimeLimitExceededMultiplier:1.5]]
[2022.07.08-14.01.20:894][  0]LogConfig: Setting CVar [[s.TimeLimitExceededMinTime:0.005]]
[2022.07.08-14.01.20:894][  0]LogConfig: Setting CVar [[s.UseBackgroundLevelStreaming:1]]
[2022.07.08-14.01.20:894][  0]LogConfig: Setting CVar [[s.PriorityAsyncLoadingExtraTime:15.0]]
[2022.07.08-14.01.20:894][  0]LogConfig: Setting CVar [[s.LevelStreamingActorsUpdateTimeLimit:5.0]]
[2022.07.08-14.01.20:894][  0]LogConfig: Setting CVar [[s.PriorityLevelStreamingActorsUpdateExtraTime:5.0]]
[2022.07.08-14.01.20:894][  0]LogConfig: Setting CVar [[s.LevelStreamingComponentsRegistrationGranularity:10]]
[2022.07.08-14.01.20:894][  0]LogConfig: Setting CVar [[s.UnregisterComponentsTimeLimit:1.0]]
[2022.07.08-14.01.20:894][  0]LogConfig: Setting CVar [[s.LevelStreamingComponentsUnregistrationGranularity:5]]
[2022.07.08-14.01.20:894][  0]LogConfig: Setting CVar [[s.FlushStreamingOnExit:1]]
[2022.07.08-14.01.20:894][  0]LogConfig: Applying CVar settings from Section [/Script/Engine.GarbageCollectionSettings] File [E:/UnrealProject/gamejam/GameJam/Saved/Config/Windows/Engine.ini]
[2022.07.08-14.01.20:894][  0]LogConfig: Setting CVar [[gc.MaxObjectsNotConsideredByGC:1]]
[2022.07.08-14.01.20:894][  0]LogConfig: Setting CVar [[gc.SizeOfPermanentObjectPool:0]]
[2022.07.08-14.01.20:894][  0]LogConfig: Setting CVar [[gc.FlushStreamingOnGC:0]]
[2022.07.08-14.01.20:894][  0]LogConfig: Setting CVar [[gc.NumRetriesBeforeForcingGC:10]]
[2022.07.08-14.01.20:894][  0]LogConfig: Setting CVar [[gc.AllowParallelGC:1]]
[2022.07.08-14.01.20:894][  0]LogConfig: Setting CVar [[gc.TimeBetweenPurgingPendingKillObjects:61.1]]
[2022.07.08-14.01.20:894][  0]LogConfig: Setting CVar [[gc.MaxObjectsInEditor:25165824]]
[2022.07.08-14.01.20:894][  0]LogConfig: Setting CVar [[gc.IncrementalBeginDestroyEnabled:1]]
[2022.07.08-14.01.20:894][  0]LogConfig: Setting CVar [[gc.CreateGCClusters:1]]
[2022.07.08-14.01.20:894][  0]LogConfig: Setting CVar [[gc.MinGCClusterSize:5]]
[2022.07.08-14.01.20:894][  0]LogConfig: Setting CVar [[gc.ActorClusteringEnabled:0]]
[2022.07.08-14.01.20:894][  0]LogConfig: Setting CVar [[gc.BlueprintClusteringEnabled:0]]
[2022.07.08-14.01.20:894][  0]LogConfig: Setting CVar [[gc.UseDisregardForGCOnDedicatedServers:0]]
[2022.07.08-14.01.20:894][  0]LogConfig: Setting CVar [[gc.MultithreadedDestructionEnabled:1]]
[2022.07.08-14.01.20:894][  0]LogConfig: Applying CVar settings from Section [/Script/Engine.NetworkSettings] File [E:/UnrealProject/gamejam/GameJam/Saved/Config/Windows/Engine.ini]
[2022.07.08-14.01.20:894][  0]LogConfig: Applying CVar settings from Section [/Script/UnrealEd.CookerSettings] File [E:/UnrealProject/gamejam/GameJam/Saved/Config/Windows/Engine.ini]
[2022.07.08-14.01.20:939][  0]LogConfig: Applying CVar settings from Section [ViewDistanceQuality@3] File [E:/UnrealProject/gamejam/GameJam/Saved/Config/Windows/Scalability.ini]
[2022.07.08-14.01.20:939][  0]LogConfig: Setting CVar [[r.SkeletalMeshLODBias:0]]
[2022.07.08-14.01.20:939][  0]LogConfig: Setting CVar [[r.ViewDistanceScale:1.0]]
[2022.07.08-14.01.20:939][  0]LogConfig: Applying CVar settings from Section [AntiAliasingQuality@3] File [E:/UnrealProject/gamejam/GameJam/Saved/Config/Windows/Scalability.ini]
[2022.07.08-14.01.20:939][  0]LogConfig: Setting CVar [[r.PostProcessAAQuality:4]]
[2022.07.08-14.01.20:939][  0]LogConfig: Applying CVar settings from Section [ShadowQuality@3] File [E:/UnrealProject/gamejam/GameJam/Saved/Config/Windows/Scalability.ini]
[2022.07.08-14.01.20:939][  0]LogConfig: Setting CVar [[r.LightFunctionQuality:1]]
[2022.07.08-14.01.20:939][  0]LogConfig: Setting CVar [[r.ShadowQuality:5]]
[2022.07.08-14.01.20:939][  0]LogConfig: Setting CVar [[r.Shadow.CSM.MaxCascades:10]]
[2022.07.08-14.01.20:939][  0]LogConfig: Setting CVar [[r.Shadow.MaxResolution:2048]]
[2022.07.08-14.01.20:939][  0]LogConfig: Setting CVar [[r.Shadow.MaxCSMResolution:2048]]
[2022.07.08-14.01.20:939][  0]LogConfig: Setting CVar [[r.Shadow.RadiusThreshold:0.01]]
[2022.07.08-14.01.20:939][  0]LogConfig: Setting CVar [[r.Shadow.DistanceScale:1.0]]
[2022.07.08-14.01.20:939][  0]LogConfig: Setting CVar [[r.Shadow.CSM.TransitionScale:1.0]]
[2022.07.08-14.01.20:939][  0]LogConfig: Setting CVar [[r.Shadow.PreShadowResolutionFactor:1.0]]
[2022.07.08-14.01.20:939][  0]LogConfig: Setting CVar [[r.DistanceFieldShadowing:1]]
[2022.07.08-14.01.20:939][  0]LogConfig: Setting CVar [[r.DistanceFieldAO:1]]
[2022.07.08-14.01.20:939][  0]LogConfig: Setting CVar [[r.AOQuality:2]]
[2022.07.08-14.01.20:939][  0]LogConfig: Setting CVar [[r.VolumetricFog:1]]
[2022.07.08-14.01.20:939][  0]LogConfig: Setting CVar [[r.VolumetricFog.GridPixelSize:8]]
[2022.07.08-14.01.20:939][  0]LogConfig: Setting CVar [[r.VolumetricFog.GridSizeZ:128]]
[2022.07.08-14.01.20:939][  0]LogConfig: Setting CVar [[r.VolumetricFog.HistoryMissSupersampleCount:4]]
[2022.07.08-14.01.20:939][  0]LogConfig: Setting CVar [[r.LightMaxDrawDistanceScale:1]]
[2022.07.08-14.01.20:939][  0]LogConfig: Setting CVar [[r.CapsuleShadows:1]]
[2022.07.08-14.01.20:939][  0]LogConfig: Applying CVar settings from Section [PostProcessQuality@3] File [E:/UnrealProject/gamejam/GameJam/Saved/Config/Windows/Scalability.ini]
[2022.07.08-14.01.20:939][  0]LogConfig: Setting CVar [[r.MotionBlurQuality:4]]
[2022.07.08-14.01.20:939][  0]LogConfig: Setting CVar [[r.AmbientOcclusionMipLevelFactor:0.4]]
[2022.07.08-14.01.20:939][  0]LogConfig: Setting CVar [[r.AmbientOcclusionMaxQuality:100]]
[2022.07.08-14.01.20:939][  0]LogConfig: Setting CVar [[r.AmbientOcclusionLevels:-1]]
[2022.07.08-14.01.20:939][  0]LogConfig: Setting CVar [[r.AmbientOcclusionRadiusScale:1.0]]
[2022.07.08-14.01.20:939][  0]LogConfig: Setting CVar [[r.DepthOfFieldQuality:2]]
[2022.07.08-14.01.20:939][  0]LogConfig: Setting CVar [[r.RenderTargetPoolMin:400]]
[2022.07.08-14.01.20:940][  0]LogConfig: Setting CVar [[r.LensFlareQuality:2]]
[2022.07.08-14.01.20:940][  0]LogConfig: Setting CVar [[r.SceneColorFringeQuality:1]]
[2022.07.08-14.01.20:940][  0]LogConfig: Setting CVar [[r.EyeAdaptationQuality:2]]
[2022.07.08-14.01.20:940][  0]LogConfig: Setting CVar [[r.BloomQuality:5]]
[2022.07.08-14.01.20:940][  0]LogConfig: Setting CVar [[r.FastBlurThreshold:100]]
[2022.07.08-14.01.20:940][  0]LogConfig: Setting CVar [[r.Upscale.Quality:3]]
[2022.07.08-14.01.20:940][  0]LogConfig: Setting CVar [[r.Tonemapper.GrainQuantization:1]]
[2022.07.08-14.01.20:940][  0]LogConfig: Setting CVar [[r.LightShaftQuality:1]]
[2022.07.08-14.01.20:940][  0]LogConfig: Setting CVar [[r.Filter.SizeScale:1]]
[2022.07.08-14.01.20:940][  0]LogConfig: Setting CVar [[r.Tonemapper.Quality:5]]
[2022.07.08-14.01.20:940][  0]LogConfig: Setting CVar [[r.DOF.Gather.AccumulatorQuality:1        ; higher gathering accumulator quality]]
[2022.07.08-14.01.20:940][  0]LogConfig: Setting CVar [[r.DOF.Gather.PostfilterMethod:1          ; Median3x3 postfilering method]]
[2022.07.08-14.01.20:940][  0]LogConfig: Setting CVar [[r.DOF.Gather.EnableBokehSettings:0       ; no bokeh simulation when gathering]]
[2022.07.08-14.01.20:940][  0]LogConfig: Setting CVar [[r.DOF.Gather.RingCount:4                 ; medium number of samples when gathering]]
[2022.07.08-14.01.20:940][  0]LogConfig: Setting CVar [[r.DOF.Scatter.ForegroundCompositing:1    ; additive foreground scattering]]
[2022.07.08-14.01.20:940][  0]LogConfig: Setting CVar [[r.DOF.Scatter.BackgroundCompositing:2    ; additive background scattering]]
[2022.07.08-14.01.20:940][  0]LogConfig: Setting CVar [[r.DOF.Scatter.EnableBokehSettings:1      ; bokeh simulation when scattering]]
[2022.07.08-14.01.20:940][  0]LogConfig: Setting CVar [[r.DOF.Scatter.MaxSpriteRatio:0.1         ; only a maximum of 10% of scattered bokeh]]
[2022.07.08-14.01.20:940][  0]LogConfig: Setting CVar [[r.DOF.Recombine.Quality:1                ; cheap slight out of focus]]
[2022.07.08-14.01.20:940][  0]LogConfig: Setting CVar [[r.DOF.Recombine.EnableBokehSettings:0    ; no bokeh simulation on slight out of focus]]
[2022.07.08-14.01.20:940][  0]LogConfig: Setting CVar [[r.DOF.TemporalAAQuality:1                ; more stable temporal accumulation]]
[2022.07.08-14.01.20:940][  0]LogConfig: Setting CVar [[r.DOF.Kernel.MaxForegroundRadius:0.025]]
[2022.07.08-14.01.20:940][  0]LogConfig: Setting CVar [[r.DOF.Kernel.MaxBackgroundRadius:0.025]]
[2022.07.08-14.01.20:940][  0]LogConfig: Applying CVar settings from Section [TextureQuality@3] File [E:/UnrealProject/gamejam/GameJam/Saved/Config/Windows/Scalability.ini]
[2022.07.08-14.01.20:940][  0]LogConfig: Setting CVar [[r.Streaming.MipBias:0]]
[2022.07.08-14.01.20:940][  0]LogConfig: Setting CVar [[r.Streaming.AmortizeCPUToGPUCopy:0]]
[2022.07.08-14.01.20:940][  0]LogConfig: Setting CVar [[r.Streaming.MaxNumTexturesToStreamPerFrame:0]]
[2022.07.08-14.01.20:940][  0]LogConfig: Setting CVar [[r.Streaming.Boost:1]]
[2022.07.08-14.01.20:940][  0]LogConfig: Setting CVar [[r.MaxAnisotropy:8]]
[2022.07.08-14.01.20:940][  0]LogConfig: Setting CVar [[r.VT.MaxAnisotropy:8]]
[2022.07.08-14.01.20:940][  0]LogConfig: Setting CVar [[r.Streaming.LimitPoolSizeToVRAM:0]]
[2022.07.08-14.01.20:940][  0]LogConfig: Setting CVar [[r.Streaming.PoolSize:1000]]
[2022.07.08-14.01.20:940][  0]LogConfig: Setting CVar [[r.Streaming.MaxEffectiveScreenSize:0]]
[2022.07.08-14.01.20:940][  0]LogConfig: Applying CVar settings from Section [EffectsQuality@3] File [E:/UnrealProject/gamejam/GameJam/Saved/Config/Windows/Scalability.ini]
[2022.07.08-14.01.20:940][  0]LogConfig: Setting CVar [[r.TranslucencyLightingVolumeDim:64]]
[2022.07.08-14.01.20:940][  0]LogConfig: Setting CVar [[r.RefractionQuality:2]]
[2022.07.08-14.01.20:940][  0]LogConfig: Setting CVar [[r.SSR.Quality:3]]
[2022.07.08-14.01.20:940][  0]LogConfig: Setting CVar [[r.SSR.HalfResSceneColor:0]]
[2022.07.08-14.01.20:940][  0]LogConfig: Setting CVar [[r.SceneColorFormat:4]]
[2022.07.08-14.01.20:940][  0]LogConfig: Setting CVar [[r.DetailMode:2]]
[2022.07.08-14.01.20:940][  0]LogConfig: Setting CVar [[r.TranslucencyVolumeBlur:1]]
[2022.07.08-14.01.20:940][  0]LogConfig: Setting CVar [[r.MaterialQualityLevel:1 ; High quality]]
[2022.07.08-14.01.20:940][  0]LogConfig: Setting CVar [[r.AnisotropicMaterials:1]]
[2022.07.08-14.01.20:940][  0]LogConfig: Setting CVar [[r.SSS.Scale:1]]
[2022.07.08-14.01.20:940][  0]LogConfig: Setting CVar [[r.SSS.SampleSet:2]]
[2022.07.08-14.01.20:940][  0]LogConfig: Setting CVar [[r.SSS.Quality:1]]
[2022.07.08-14.01.20:940][  0]LogConfig: Setting CVar [[r.SSS.HalfRes:0]]
[2022.07.08-14.01.20:940][  0]LogConfig: Setting CVar [[r.SSGI.Quality:3]]
[2022.07.08-14.01.20:940][  0]LogConfig: Setting CVar [[r.EmitterSpawnRateScale:1.0]]
[2022.07.08-14.01.20:940][  0]LogConfig: Setting CVar [[r.ParticleLightQuality:2]]
[2022.07.08-14.01.20:940][  0]LogConfig: Setting CVar [[r.SkyAtmosphere.AerialPerspectiveLUT.FastApplyOnOpaque:1 ; Always have FastSkyLUT 1 in this case to avoid wrong sky]]
[2022.07.08-14.01.20:940][  0]LogConfig: Setting CVar [[r.SkyAtmosphere.AerialPerspectiveLUT.SampleCountMaxPerSlice:4]]
[2022.07.08-14.01.20:940][  0]LogConfig: Setting CVar [[r.SkyAtmosphere.AerialPerspectiveLUT.DepthResolution:16.0]]
[2022.07.08-14.01.20:940][  0]LogConfig: Setting CVar [[r.SkyAtmosphere.FastSkyLUT:1]]
[2022.07.08-14.01.20:940][  0]LogConfig: Setting CVar [[r.SkyAtmosphere.FastSkyLUT.SampleCountMin:4.0]]
[2022.07.08-14.01.20:940][  0]LogConfig: Setting CVar [[r.SkyAtmosphere.FastSkyLUT.SampleCountMax:128.0]]
[2022.07.08-14.01.20:940][  0]LogConfig: Setting CVar [[r.SkyAtmosphere.SampleCountMin:4.0]]
[2022.07.08-14.01.20:940][  0]LogConfig: Setting CVar [[r.SkyAtmosphere.SampleCountMax:128.0]]
[2022.07.08-14.01.20:940][  0]LogConfig: Setting CVar [[r.SkyAtmosphere.TransmittanceLUT.UseSmallFormat:0]]
[2022.07.08-14.01.20:940][  0]LogConfig: Setting CVar [[r.SkyAtmosphere.TransmittanceLUT.SampleCount:10.0]]
[2022.07.08-14.01.20:940][  0]LogConfig: Setting CVar [[r.SkyAtmosphere.MultiScatteringLUT.SampleCount:15.0]]
[2022.07.08-14.01.20:940][  0]LogConfig: Setting CVar [[r.SkyLight.RealTimeReflectionCapture:1]]
[2022.07.08-14.01.20:940][  0]LogConfig: Setting CVar [[fx.Niagara.QualityLevel:3]]
[2022.07.08-14.01.20:948][  0]LogConfig: Applying CVar settings from Section [FoliageQuality@3] File [E:/UnrealProject/gamejam/GameJam/Saved/Config/Windows/Scalability.ini]
[2022.07.08-14.01.20:948][  0]LogConfig: Setting CVar [[foliage.DensityScale:1.0]]
[2022.07.08-14.01.20:948][  0]LogConfig: Setting CVar [[grass.DensityScale:1.0]]
[2022.07.08-14.01.20:948][  0]LogConfig: Applying CVar settings from Section [ShadingQuality@3] File [E:/UnrealProject/gamejam/GameJam/Saved/Config/Windows/Scalability.ini]
[2022.07.08-14.01.20:948][  0]LogConfig: Setting CVar [[r.HairStrands.SkyLighting.IntegrationType:2]]
[2022.07.08-14.01.20:948][  0]LogConfig: Setting CVar [[r.HairStrands.SkyAO.SampleCount:4]]
[2022.07.08-14.01.20:948][  0]LogConfig: Setting CVar [[r.HairStrands.Visibility.MSAA.SamplePerPixel:4]]
[2022.07.08-14.01.20:963][  0]LogInit: Selected Device Profile: [Windows]
[2022.07.08-14.01.21:013][  0]LogInit: Applying CVar settings loaded from the selected device profile: [Windows]
[2022.07.08-14.01.21:020][  0]LogHAL: Display: Platform has ~ 16 GB [17016332288 / 17179869184 / 16], which maps to Larger [LargestMinGB=32, LargerMinGB=12, DefaultMinGB=8, SmallerMinGB=6, SmallestMinGB=0)
[2022.07.08-14.01.21:020][  0]LogInit: Going up to parent DeviceProfile []
[2022.07.08-14.01.21:029][  0]LogConfig: Applying CVar settings from Section [ViewDistanceQuality@3] File [E:/UnrealProject/gamejam/GameJam/Saved/Config/Windows/Scalability.ini]
[2022.07.08-14.01.21:029][  0]LogConfig: Setting CVar [[r.SkeletalMeshLODBias:0]]
[2022.07.08-14.01.21:029][  0]LogConfig: Setting CVar [[r.ViewDistanceScale:1.0]]
[2022.07.08-14.01.21:029][  0]LogConfig: Applying CVar settings from Section [AntiAliasingQuality@3] File [E:/UnrealProject/gamejam/GameJam/Saved/Config/Windows/Scalability.ini]
[2022.07.08-14.01.21:029][  0]LogConfig: Setting CVar [[r.PostProcessAAQuality:4]]
[2022.07.08-14.01.21:029][  0]LogConfig: Applying CVar settings from Section [ShadowQuality@3] File [E:/UnrealProject/gamejam/GameJam/Saved/Config/Windows/Scalability.ini]
[2022.07.08-14.01.21:029][  0]LogConfig: Setting CVar [[r.LightFunctionQuality:1]]
[2022.07.08-14.01.21:029][  0]LogConfig: Setting CVar [[r.ShadowQuality:5]]
[2022.07.08-14.01.21:029][  0]LogConfig: Setting CVar [[r.Shadow.CSM.MaxCascades:10]]
[2022.07.08-14.01.21:029][  0]LogConfig: Setting CVar [[r.Shadow.MaxResolution:2048]]
[2022.07.08-14.01.21:029][  0]LogConfig: Setting CVar [[r.Shadow.MaxCSMResolution:2048]]
[2022.07.08-14.01.21:029][  0]LogConfig: Setting CVar [[r.Shadow.RadiusThreshold:0.01]]
[2022.07.08-14.01.21:029][  0]LogConfig: Setting CVar [[r.Shadow.DistanceScale:1.0]]
[2022.07.08-14.01.21:029][  0]LogConfig: Setting CVar [[r.Shadow.CSM.TransitionScale:1.0]]
[2022.07.08-14.01.21:029][  0]LogConfig: Setting CVar [[r.Shadow.PreShadowResolutionFactor:1.0]]
[2022.07.08-14.01.21:029][  0]LogConfig: Setting CVar [[r.DistanceFieldShadowing:1]]
[2022.07.08-14.01.21:029][  0]LogConfig: Setting CVar [[r.DistanceFieldAO:1]]
[2022.07.08-14.01.21:029][  0]LogConfig: Setting CVar [[r.AOQuality:2]]
[2022.07.08-14.01.21:029][  0]LogConfig: Setting CVar [[r.VolumetricFog:1]]
[2022.07.08-14.01.21:029][  0]LogConfig: Setting CVar [[r.VolumetricFog.GridPixelSize:8]]
[2022.07.08-14.01.21:029][  0]LogConfig: Setting CVar [[r.VolumetricFog.GridSizeZ:128]]
[2022.07.08-14.01.21:029][  0]LogConfig: Setting CVar [[r.VolumetricFog.HistoryMissSupersampleCount:4]]
[2022.07.08-14.01.21:029][  0]LogConfig: Setting CVar [[r.LightMaxDrawDistanceScale:1]]
[2022.07.08-14.01.21:029][  0]LogConfig: Setting CVar [[r.CapsuleShadows:1]]
[2022.07.08-14.01.21:029][  0]LogConfig: Applying CVar settings from Section [PostProcessQuality@3] File [E:/UnrealProject/gamejam/GameJam/Saved/Config/Windows/Scalability.ini]
[2022.07.08-14.01.21:029][  0]LogConfig: Setting CVar [[r.MotionBlurQuality:4]]
[2022.07.08-14.01.21:029][  0]LogConfig: Setting CVar [[r.AmbientOcclusionMipLevelFactor:0.4]]
[2022.07.08-14.01.21:029][  0]LogConfig: Setting CVar [[r.AmbientOcclusionMaxQuality:100]]
[2022.07.08-14.01.21:029][  0]LogConfig: Setting CVar [[r.AmbientOcclusionLevels:-1]]
[2022.07.08-14.01.21:029][  0]LogConfig: Setting CVar [[r.AmbientOcclusionRadiusScale:1.0]]
[2022.07.08-14.01.21:029][  0]LogConfig: Setting CVar [[r.DepthOfFieldQuality:2]]
[2022.07.08-14.01.21:029][  0]LogConfig: Setting CVar [[r.RenderTargetPoolMin:400]]
[2022.07.08-14.01.21:029][  0]LogConfig: Setting CVar [[r.LensFlareQuality:2]]
[2022.07.08-14.01.21:029][  0]LogConfig: Setting CVar [[r.SceneColorFringeQuality:1]]
[2022.07.08-14.01.21:029][  0]LogConfig: Setting CVar [[r.EyeAdaptationQuality:2]]
[2022.07.08-14.01.21:029][  0]LogConfig: Setting CVar [[r.BloomQuality:5]]
[2022.07.08-14.01.21:029][  0]LogConfig: Setting CVar [[r.FastBlurThreshold:100]]
[2022.07.08-14.01.21:029][  0]LogConfig: Setting CVar [[r.Upscale.Quality:3]]
[2022.07.08-14.01.21:029][  0]LogConfig: Setting CVar [[r.Tonemapper.GrainQuantization:1]]
[2022.07.08-14.01.21:029][  0]LogConfig: Setting CVar [[r.LightShaftQuality:1]]
[2022.07.08-14.01.21:029][  0]LogConfig: Setting CVar [[r.Filter.SizeScale:1]]
[2022.07.08-14.01.21:029][  0]LogConfig: Setting CVar [[r.Tonemapper.Quality:5]]
[2022.07.08-14.01.21:029][  0]LogConfig: Setting CVar [[r.DOF.Gather.AccumulatorQuality:1        ; higher gathering accumulator quality]]
[2022.07.08-14.01.21:029][  0]LogConfig: Setting CVar [[r.DOF.Gather.PostfilterMethod:1          ; Median3x3 postfilering method]]
[2022.07.08-14.01.21:029][  0]LogConfig: Setting CVar [[r.DOF.Gather.EnableBokehSettings:0       ; no bokeh simulation when gathering]]
[2022.07.08-14.01.21:029][  0]LogConfig: Setting CVar [[r.DOF.Gather.RingCount:4                 ; medium number of samples when gathering]]
[2022.07.08-14.01.21:029][  0]LogConfig: Setting CVar [[r.DOF.Scatter.ForegroundCompositing:1    ; additive foreground scattering]]
[2022.07.08-14.01.21:029][  0]LogConfig: Setting CVar [[r.DOF.Scatter.BackgroundCompositing:2    ; additive background scattering]]
[2022.07.08-14.01.21:029][  0]LogConfig: Setting CVar [[r.DOF.Scatter.EnableBokehSettings:1      ; bokeh simulation when scattering]]
[2022.07.08-14.01.21:029][  0]LogConfig: Setting CVar [[r.DOF.Scatter.MaxSpriteRatio:0.1         ; only a maximum of 10% of scattered bokeh]]
[2022.07.08-14.01.21:029][  0]LogConfig: Setting CVar [[r.DOF.Recombine.Quality:1                ; cheap slight out of focus]]
[2022.07.08-14.01.21:029][  0]LogConfig: Setting CVar [[r.DOF.Recombine.EnableBokehSettings:0    ; no bokeh simulation on slight out of focus]]
[2022.07.08-14.01.21:029][  0]LogConfig: Setting CVar [[r.DOF.TemporalAAQuality:1                ; more stable temporal accumulation]]
[2022.07.08-14.01.21:029][  0]LogConfig: Setting CVar [[r.DOF.Kernel.MaxForegroundRadius:0.025]]
[2022.07.08-14.01.21:029][  0]LogConfig: Setting CVar [[r.DOF.Kernel.MaxBackgroundRadius:0.025]]
[2022.07.08-14.01.21:029][  0]LogConfig: Applying CVar settings from Section [TextureQuality@3] File [E:/UnrealProject/gamejam/GameJam/Saved/Config/Windows/Scalability.ini]
[2022.07.08-14.01.21:029][  0]LogConfig: Setting CVar [[r.Streaming.MipBias:0]]
[2022.07.08-14.01.21:029][  0]LogConfig: Setting CVar [[r.Streaming.AmortizeCPUToGPUCopy:0]]
[2022.07.08-14.01.21:029][  0]LogConfig: Setting CVar [[r.Streaming.MaxNumTexturesToStreamPerFrame:0]]
[2022.07.08-14.01.21:029][  0]LogConfig: Setting CVar [[r.Streaming.Boost:1]]
[2022.07.08-14.01.21:029][  0]LogConfig: Setting CVar [[r.MaxAnisotropy:8]]
[2022.07.08-14.01.21:029][  0]LogConfig: Setting CVar [[r.VT.MaxAnisotropy:8]]
[2022.07.08-14.01.21:029][  0]LogConfig: Setting CVar [[r.Streaming.LimitPoolSizeToVRAM:0]]
[2022.07.08-14.01.21:029][  0]LogConfig: Setting CVar [[r.Streaming.PoolSize:1000]]
[2022.07.08-14.01.21:029][  0]LogConfig: Setting CVar [[r.Streaming.MaxEffectiveScreenSize:0]]
[2022.07.08-14.01.21:029][  0]LogConfig: Applying CVar settings from Section [EffectsQuality@3] File [E:/UnrealProject/gamejam/GameJam/Saved/Config/Windows/Scalability.ini]
[2022.07.08-14.01.21:029][  0]LogConfig: Setting CVar [[r.TranslucencyLightingVolumeDim:64]]
[2022.07.08-14.01.21:029][  0]LogConfig: Setting CVar [[r.RefractionQuality:2]]
[2022.07.08-14.01.21:029][  0]LogConfig: Setting CVar [[r.SSR.Quality:3]]
[2022.07.08-14.01.21:029][  0]LogConfig: Setting CVar [[r.SSR.HalfResSceneColor:0]]
[2022.07.08-14.01.21:029][  0]LogConfig: Setting CVar [[r.SceneColorFormat:4]]
[2022.07.08-14.01.21:029][  0]LogConfig: Setting CVar [[r.DetailMode:2]]
[2022.07.08-14.01.21:029][  0]LogConfig: Setting CVar [[r.TranslucencyVolumeBlur:1]]
[2022.07.08-14.01.21:029][  0]LogConfig: Setting CVar [[r.MaterialQualityLevel:1 ; High quality]]
[2022.07.08-14.01.21:029][  0]LogConfig: Setting CVar [[r.AnisotropicMaterials:1]]
[2022.07.08-14.01.21:029][  0]LogConfig: Setting CVar [[r.SSS.Scale:1]]
[2022.07.08-14.01.21:029][  0]LogConfig: Setting CVar [[r.SSS.SampleSet:2]]
[2022.07.08-14.01.21:029][  0]LogConfig: Setting CVar [[r.SSS.Quality:1]]
[2022.07.08-14.01.21:029][  0]LogConfig: Setting CVar [[r.SSS.HalfRes:0]]
[2022.07.08-14.01.21:029][  0]LogConfig: Setting CVar [[r.SSGI.Quality:3]]
[2022.07.08-14.01.21:029][  0]LogConfig: Setting CVar [[r.EmitterSpawnRateScale:1.0]]
[2022.07.08-14.01.21:029][  0]LogConfig: Setting CVar [[r.ParticleLightQuality:2]]
[2022.07.08-14.01.21:029][  0]LogConfig: Setting CVar [[r.SkyAtmosphere.AerialPerspectiveLUT.FastApplyOnOpaque:1 ; Always have FastSkyLUT 1 in this case to avoid wrong sky]]
[2022.07.08-14.01.21:029][  0]LogConfig: Setting CVar [[r.SkyAtmosphere.AerialPerspectiveLUT.SampleCountMaxPerSlice:4]]
[2022.07.08-14.01.21:030][  0]LogConfig: Setting CVar [[r.SkyAtmosphere.AerialPerspectiveLUT.DepthResolution:16.0]]
[2022.07.08-14.01.21:030][  0]LogConfig: Setting CVar [[r.SkyAtmosphere.FastSkyLUT:1]]
[2022.07.08-14.01.21:030][  0]LogConfig: Setting CVar [[r.SkyAtmosphere.FastSkyLUT.SampleCountMin:4.0]]
[2022.07.08-14.01.21:030][  0]LogConfig: Setting CVar [[r.SkyAtmosphere.FastSkyLUT.SampleCountMax:128.0]]
[2022.07.08-14.01.21:030][  0]LogConfig: Setting CVar [[r.SkyAtmosphere.SampleCountMin:4.0]]
[2022.07.08-14.01.21:030][  0]LogConfig: Setting CVar [[r.SkyAtmosphere.SampleCountMax:128.0]]
[2022.07.08-14.01.21:030][  0]LogConfig: Setting CVar [[r.SkyAtmosphere.TransmittanceLUT.UseSmallFormat:0]]
[2022.07.08-14.01.21:030][  0]LogConfig: Setting CVar [[r.SkyAtmosphere.TransmittanceLUT.SampleCount:10.0]]
[2022.07.08-14.01.21:030][  0]LogConfig: Setting CVar [[r.SkyAtmosphere.MultiScatteringLUT.SampleCount:15.0]]
[2022.07.08-14.01.21:030][  0]LogConfig: Setting CVar [[r.SkyLight.RealTimeReflectionCapture:1]]
[2022.07.08-14.01.21:030][  0]LogConfig: Setting CVar [[fx.Niagara.QualityLevel:3]]
[2022.07.08-14.01.21:030][  0]LogConfig: Applying CVar settings from Section [FoliageQuality@3] File [E:/UnrealProject/gamejam/GameJam/Saved/Config/Windows/Scalability.ini]
[2022.07.08-14.01.21:030][  0]LogConfig: Setting CVar [[foliage.DensityScale:1.0]]
[2022.07.08-14.01.21:030][  0]LogConfig: Setting CVar [[grass.DensityScale:1.0]]
[2022.07.08-14.01.21:030][  0]LogConfig: Applying CVar settings from Section [ShadingQuality@3] File [E:/UnrealProject/gamejam/GameJam/Saved/Config/Windows/Scalability.ini]
[2022.07.08-14.01.21:030][  0]LogConfig: Setting CVar [[r.HairStrands.SkyLighting.IntegrationType:2]]
[2022.07.08-14.01.21:030][  0]LogConfig: Setting CVar [[r.HairStrands.SkyAO.SampleCount:4]]
[2022.07.08-14.01.21:030][  0]LogConfig: Setting CVar [[r.HairStrands.Visibility.MSAA.SamplePerPixel:4]]
[2022.07.08-14.01.21:030][  0]LogConfig: Applying CVar settings from Section [Startup] File [../../../Engine/Config/ConsoleVariables.ini]
[2022.07.08-14.01.21:073][  0]LogConfig: Setting CVar [[net.UseAdaptiveNetUpdateFrequency:0]]
[2022.07.08-14.01.21:073][  0]LogConfig: Setting CVar [[p.chaos.AllowCreatePhysxBodies:1]]
[2022.07.08-14.01.21:073][  0]LogConfig: Setting CVar [[fx.SkipVectorVMBackendOptimizations:1]]
[2022.07.08-14.01.21:073][  0]LogConfig: Applying CVar settings from Section [ConsoleVariables] File [E:/UnrealProject/gamejam/GameJam/Saved/Config/Windows/Engine.ini]
[2022.07.08-14.01.21:073][  0]LogConfig: Applying CVar settings from Section [ConsoleVariables] File [E:/UnrealProject/gamejam/GameJam/Saved/Config/Windows/Editor.ini]
[2022.07.08-14.01.21:103][  0]LogInit: Computer: DESKTOP-999P8HP
[2022.07.08-14.01.21:103][  0]LogInit: User: Hyboot
[2022.07.08-14.01.21:103][  0]LogInit: CPU Page size=4096, Cores=6
[2022.07.08-14.01.21:103][  0]LogInit: High frequency timer resolution =10.000000 MHz
[2022.07.08-14.01.21:103][  0]LogMemory: Memory total: Physical=15.8GB (16GB approx)
[2022.07.08-14.01.21:112][  0]LogMemory: Platform Memory Stats for Windows
[2022.07.08-14.01.21:112][  0]LogMemory: Process Physical Memory: 148.20 MB used, 148.21 MB peak
[2022.07.08-14.01.21:112][  0]LogMemory: Process Virtual Memory: 128.22 MB used, 128.22 MB peak
[2022.07.08-14.01.21:112][  0]LogMemory: Physical Memory: 7590.11 MB used,  8637.93 MB free, 16228.04 MB total
[2022.07.08-14.01.21:112][  0]LogMemory: Virtual Memory: 134207472.00 MB used,  10252.29 MB free, 134217728.00 MB total
[2022.07.08-14.01.21:172][  0]LogWindows: WindowsPlatformFeatures enabled
[2022.07.08-14.01.22:229][  0]LogInit: Physics initialised using underlying interface: PhysX
[2022.07.08-14.01.22:278][  0]LogInit: Using OS detected language (fr-FR).
[2022.07.08-14.01.22:278][  0]LogInit: Using OS detected locale (fr-FR).
[2022.07.08-14.01.22:511][  0]LogTextLocalizationManager: No specific localization for 'fr-FR' exists, so the 'fr' localization will be used.
[2022.07.08-14.01.22:512][  0]LogTextLocalizationResource: LocRes '../../../Engine/Content/Localization/Editor/fr/Editor.locres' could not be opened for reading!
[2022.07.08-14.01.22:512][  0]LogTextLocalizationResource: LocRes '../../../Engine/Content/Localization/EditorTutorials/fr/EditorTutorials.locres' could not be opened for reading!
[2022.07.08-14.01.22:512][  0]LogTextLocalizationResource: LocRes '../../../Engine/Content/Localization/Keywords/fr/Keywords.locres' could not be opened for reading!
[2022.07.08-14.01.22:512][  0]LogTextLocalizationResource: LocRes '../../../Engine/Content/Localization/Category/fr/Category.locres' could not be opened for reading!
[2022.07.08-14.01.22:512][  0]LogTextLocalizationResource: LocRes '../../../Engine/Content/Localization/ToolTips/fr/ToolTips.locres' could not be opened for reading!
[2022.07.08-14.01.22:513][  0]LogTextLocalizationResource: LocRes '../../../Engine/Content/Localization/PropertyNames/fr/PropertyNames.locres' could not be opened for reading!
[2022.07.08-14.01.22:513][  0]LogTextLocalizationResource: LocRes '../../../Engine/Content/Localization/Engine/fr/Engine.locres' could not be opened for reading!
[2022.07.08-14.01.22:927][  0]LogWindowsTextInputMethodSystem: Display: IME system deactivated.
[2022.07.08-14.01.23:489][  0]LogSlate: New Slate User Created.  User Index 0, Is Virtual User: 0
[2022.07.08-14.01.23:489][  0]LogSlate: Slate User Registered.  User Index 0, Is Virtual User: 0
[2022.07.08-14.01.26:504][  0]LogD3D11RHI: Loaded GFSDK_Aftermath_Lib.x64.dll
[2022.07.08-14.01.26:570][  0]LogHMD: Failed to initialize OpenVR with code 110
[2022.07.08-14.01.26:570][  0]LogD3D11RHI: D3D11 min allowed feature level: 11_0
[2022.07.08-14.01.26:570][  0]LogD3D11RHI: D3D11 max allowed feature level: 11_0
[2022.07.08-14.01.26:570][  0]LogD3D11RHI: D3D11 adapters:
[2022.07.08-14.01.26:682][  0]LogD3D11RHI:    0. 'NVIDIA GeForce GTX 1060' (Feature Level 11_0)
[2022.07.08-14.01.26:682][  0]LogD3D11RHI:       6052/0/8114 MB DedicatedVideo/DedicatedSystem/SharedSystem, Outputs:1, VendorId:0x10de
[2022.07.08-14.01.26:700][  0]LogD3D11RHI:    1. 'Intel(R) UHD Graphics 630' (Feature Level 11_0)
[2022.07.08-14.01.26:700][  0]LogD3D11RHI:       128/0/8114 MB DedicatedVideo/DedicatedSystem/SharedSystem, Outputs:0, VendorId:0x8086
[2022.07.08-14.01.26:702][  0]LogD3D11RHI:    2. 'Microsoft Basic Render Driver' (Feature Level 11_0)
[2022.07.08-14.01.26:702][  0]LogD3D11RHI:       0/0/8114 MB DedicatedVideo/DedicatedSystem/SharedSystem, Outputs:0, VendorId:0x1414
[2022.07.08-14.01.26:702][  0]LogD3D11RHI: Chosen D3D11 Adapter:
[2022.07.08-14.01.26:702][  0]LogD3D11RHI:     Description : NVIDIA GeForce GTX 1060
[2022.07.08-14.01.26:702][  0]LogD3D11RHI:     VendorId    : 10de
[2022.07.08-14.01.26:702][  0]LogD3D11RHI:     DeviceId    : 1c20
[2022.07.08-14.01.26:702][  0]LogD3D11RHI:     SubSysId    : 12151462
[2022.07.08-14.01.26:702][  0]LogD3D11RHI:     Revision    : 00a1
[2022.07.08-14.01.26:702][  0]LogD3D11RHI:     DedicatedVideoMemory : 6345981952 bytes
[2022.07.08-14.01.26:702][  0]LogD3D11RHI:     DedicatedSystemMemory : 0 bytes
[2022.07.08-14.01.26:702][  0]LogD3D11RHI:     SharedSystemMemory : 8508166144 bytes
[2022.07.08-14.01.26:702][  0]LogD3D11RHI:     AdapterLuid : 0 82893
[2022.07.08-14.01.26:722][  0]LogD3D11RHI: Creating new Direct3DDevice
[2022.07.08-14.01.26:722][  0]LogD3D11RHI:     GPU DeviceId: 0x1c20 (for the marketing name, search the web for "GPU Device Id")
[2022.07.08-14.01.26:722][  0]LogWindows: EnumDisplayDevices:
[2022.07.08-14.01.26:722][  0]LogWindows:    0. 'Intel(R) UHD Graphics 630' (P:1 D:1)
[2022.07.08-14.01.26:722][  0]LogWindows:    1. 'Intel(R) UHD Graphics 630' (P:0 D:0)
[2022.07.08-14.01.26:722][  0]LogWindows:    2. 'Intel(R) UHD Graphics 630' (P:0 D:0)
[2022.07.08-14.01.26:722][  0]LogWindows:    3. 'NVIDIA GeForce GTX 1060' (P:0 D:0)
[2022.07.08-14.01.26:723][  0]LogWindows:    4. 'NVIDIA GeForce GTX 1060' (P:0 D:0)
[2022.07.08-14.01.26:723][  0]LogWindows:    5. 'NVIDIA GeForce GTX 1060' (P:0 D:0)
[2022.07.08-14.01.26:723][  0]LogWindows:    6. 'NVIDIA GeForce GTX 1060' (P:0 D:0)
[2022.07.08-14.01.26:723][  0]LogWindows: DebugString: PrimaryIsNotTheChoosenAdapter PrimaryIsNotTheChoosenAdapter PrimaryIsNotTheChoosenAdapter FoundDriverCount:4 
[2022.07.08-14.01.26:723][  0]LogD3D11RHI:     Adapter Name: NVIDIA GeForce GTX 1060
[2022.07.08-14.01.26:724][  0]LogD3D11RHI:   Driver Version: 512.77 (internal:30.0.15.1277, unified:512.77)
[2022.07.08-14.01.26:724][  0]LogD3D11RHI:      Driver Date: 5-4-2022
[2022.07.08-14.01.26:724][  0]LogRHI: Texture pool is 4236 MB (70% of 6052 MB)
[2022.07.08-14.01.26:724][  0]LogD3D11RHI: Creating D3DDevice using adapter:
[2022.07.08-14.01.26:724][  0]LogD3D11RHI:     Description : NVIDIA GeForce GTX 1060
[2022.07.08-14.01.26:724][  0]LogD3D11RHI:     VendorId    : 10de
[2022.07.08-14.01.26:724][  0]LogD3D11RHI:     DeviceId    : 1c20
[2022.07.08-14.01.26:724][  0]LogD3D11RHI:     SubSysId    : 12151462
[2022.07.08-14.01.26:724][  0]LogD3D11RHI:     Revision    : 00a1
[2022.07.08-14.01.26:724][  0]LogD3D11RHI:     DedicatedVideoMemory : 6345981952 bytes
[2022.07.08-14.01.26:724][  0]LogD3D11RHI:     DedicatedSystemMemory : 0 bytes
[2022.07.08-14.01.26:724][  0]LogD3D11RHI:     SharedSystemMemory : 8508166144 bytes
[2022.07.08-14.01.26:724][  0]LogD3D11RHI:     AdapterLuid : 0 82893
[2022.07.08-14.01.26:798][  0]LogD3D11RHI: RHI has support for 64 bit atomics
[2022.07.08-14.01.26:799][  0]LogD3D11RHI: Async texture creation enabled
[2022.07.08-14.01.26:799][  0]LogD3D11RHI: Array index from any shader is supported
[2022.07.08-14.01.27:342][  0]LogD3D11RHI: GPU Timing Frequency: 1000.000000 (Debug: 2 1)
[2022.07.08-14.01.27:581][  0]LogRHI: GeForceNow SDK initialized: 1
[2022.07.08-14.01.28:678][  0]LogTargetPlatformManager: Display: Loaded TargetPlatform 'AllDesktop'
[2022.07.08-14.01.28:745][  0]LogTargetPlatformManager: Display: Loaded TargetPlatform 'Android'
[2022.07.08-14.01.28:745][  0]LogTargetPlatformManager: Display: Loaded TargetPlatform 'Android_ASTC'
[2022.07.08-14.01.28:745][  0]LogTargetPlatformManager: Display: Loaded TargetPlatform 'Android_DXT'
[2022.07.08-14.01.28:745][  0]LogTargetPlatformManager: Display: Loaded TargetPlatform 'Android_ETC2'
[2022.07.08-14.01.28:745][  0]LogTargetPlatformManager: Display: Loaded TargetPlatform 'AndroidClient'
[2022.07.08-14.01.28:745][  0]LogTargetPlatformManager: Display: Loaded TargetPlatform 'Android_ASTCClient'
[2022.07.08-14.01.28:745][  0]LogTargetPlatformManager: Display: Loaded TargetPlatform 'Android_DXTClient'
[2022.07.08-14.01.28:745][  0]LogTargetPlatformManager: Display: Loaded TargetPlatform 'Android_ETC2Client'
[2022.07.08-14.01.28:745][  0]LogTargetPlatformManager: Display: Loaded TargetPlatform 'Android_Multi'
[2022.07.08-14.01.28:745][  0]LogTargetPlatformManager: Display: Loaded TargetPlatform 'Android_MultiClient'
[2022.07.08-14.01.28:947][  0]LogTargetPlatformManager: Display: Loaded TargetPlatform 'IOSClient'
[2022.07.08-14.01.28:947][  0]LogTargetPlatformManager: Display: Loaded TargetPlatform 'IOS'
[2022.07.08-14.01.29:005][  0]LogTargetPlatformManager: Display: Loaded TargetPlatform 'Linux'
[2022.07.08-14.01.29:029][  0]LogTargetPlatformManager: Display: Loaded TargetPlatform 'LinuxNoEditor'
[2022.07.08-14.01.29:113][  0]LogTargetPlatformManager: Display: Loaded TargetPlatform 'LinuxClient'
[2022.07.08-14.01.29:140][  0]LogTargetPlatformManager: Display: Loaded TargetPlatform 'LinuxServer'
[2022.07.08-14.01.29:174][  0]LogTargetPlatformManager: Display: Loaded TargetPlatform 'LinuxAArch64NoEditor'
[2022.07.08-14.01.29:204][  0]LogTargetPlatformManager: Display: Loaded TargetPlatform 'LinuxAArch64Client'
[2022.07.08-14.01.29:234][  0]LogTargetPlatformManager: Display: Loaded TargetPlatform 'LinuxAArch64Server'
[2022.07.08-14.01.29:288][  0]LogTargetPlatformManager: Display: Loaded TargetPlatform 'Lumin'
[2022.07.08-14.01.29:288][  0]LogTargetPlatformManager: Display: Loaded TargetPlatform 'LuminClient'
[2022.07.08-14.01.29:363][  0]LogTargetPlatformManager: Display: Loaded TargetPlatform 'MacNoEditor'
[2022.07.08-14.01.29:392][  0]LogTargetPlatformManager: Display: Loaded TargetPlatform 'Mac'
[2022.07.08-14.01.29:419][  0]LogTargetPlatformManager: Display: Loaded TargetPlatform 'MacClient'
[2022.07.08-14.01.29:441][  0]LogTargetPlatformManager: Display: Loaded TargetPlatform 'MacServer'
[2022.07.08-14.01.29:495][  0]LogTargetPlatformManager: Display: Loaded TargetPlatform 'TVOSClient'
[2022.07.08-14.01.29:495][  0]LogTargetPlatformManager: Display: Loaded TargetPlatform 'TVOS'
[2022.07.08-14.01.29:573][  0]LogTargetPlatformManager: Display: Loaded TargetPlatform 'WindowsNoEditor'
[2022.07.08-14.01.29:603][  0]LogTargetPlatformManager: Display: Loaded TargetPlatform 'Windows'
[2022.07.08-14.01.29:634][  0]LogTargetPlatformManager: Display: Loaded TargetPlatform 'WindowsClient'
[2022.07.08-14.01.29:666][  0]LogTargetPlatformManager: Display: Loaded TargetPlatform 'WindowsServer'
[2022.07.08-14.01.29:666][  0]LogTargetPlatformManager: Display: Building Assets For Windows
[2022.07.08-14.01.29:922][  0]LogAudioDebug: Display: Lib vorbis DLL was dynamically loaded.
[2022.07.08-14.01.30:749][  0]LogTextureFormatOodle: Display: Oodle Texture 2.9.0 init RDO Off
[2022.07.08-14.01.31:644][  0]LogRendererCore: Ray tracing is disabled. Reason: r.RayTracing=0.
[2022.07.08-14.01.31:688][  0]LogShaderCompilers: Guid format shader working directory is 2 characters bigger than the processId version (../../../../../UnrealProject/gamejam/GameJam/Intermediate/Shaders/WorkingDirectory/14756/).
[2022.07.08-14.01.31:688][  0]LogShaderCompilers: Cleaned the shader compiler working directory 'C:/Users/Hyboot/AppData/Local/Temp/UnrealShaderWorkingDir/856BE84B4C08E66B16A851A22A974FEE/'.
[2022.07.08-14.01.31:693][  0]LogXGEController: Cannot use XGE Controller as Incredibuild is not installed on this machine.
[2022.07.08-14.01.31:693][  0]LogShaderCompilers: Cannot use XGE Shader Compiler as Incredibuild is not installed on this machine.
[2022.07.08-14.01.31:693][  0]LogShaderCompilers: Display: Using Local Shader Compiler.
[2022.07.08-14.01.36:413][  0]LogDerivedDataCache: Display: Max Cache Size: 512 MB
[2022.07.08-14.01.36:683][  0]LogDerivedDataCache: Loaded boot cache 0.26s 95MB C:/Users/Hyboot/AppData/Local/UnrealEngine/4.27/DerivedDataCache/Boot.ddc.
[2022.07.08-14.01.36:683][  0]LogDerivedDataCache: Display: Loaded Boot cache: C:/Users/Hyboot/AppData/Local/UnrealEngine/4.27/DerivedDataCache/Boot.ddc
[2022.07.08-14.01.36:683][  0]LogDerivedDataCache: FDerivedDataBackendGraph:  Pak pak cache file ../../../../../UnrealProject/gamejam/GameJam/DerivedDataCache/DDC.ddp not found, will not use a pak cache.
[2022.07.08-14.01.36:683][  0]LogDerivedDataCache: Unable to find inner node Pak for hierarchical cache Hierarchy.
[2022.07.08-14.01.36:683][  0]LogDerivedDataCache: FDerivedDataBackendGraph:  CompressedPak pak cache file ../../../../../UnrealProject/gamejam/GameJam/DerivedDataCache/Compressed.ddp not found, will not use a pak cache.
[2022.07.08-14.01.36:683][  0]LogDerivedDataCache: Unable to find inner node CompressedPak for hierarchical cache Hierarchy.
[2022.07.08-14.01.36:758][  0]LogDerivedDataCache: Display: Pak cache opened for reading ../../../Engine/DerivedDataCache/Compressed.ddp.
[2022.07.08-14.01.36:758][  0]LogDerivedDataCache: FDerivedDataBackendGraph:  EnterprisePak pak cache file ../../../Enterprise/DerivedDataCache/Compressed.ddp not found, will not use a pak cache.
[2022.07.08-14.01.36:758][  0]LogDerivedDataCache: Unable to find inner node EnterprisePak for hierarchical cache Hierarchy.
[2022.07.08-14.01.36:822][  0]LogDerivedDataCache: Speed tests for C:/Users/Hyboot/AppData/Local/UnrealEngine/Common/DerivedDataCache took 0.06 seconds
[2022.07.08-14.01.36:822][  0]LogDerivedDataCache: Display: Performance to C:/Users/Hyboot/AppData/Local/UnrealEngine/Common/DerivedDataCache: Latency=0.72ms. RandomReadSpeed=18.28MBs, RandomWriteSpeed=180.92MBs. Assigned SpeedClass 'Local'
[2022.07.08-14.01.36:824][  0]LogDerivedDataCache: Using Local data cache path C:/Users/Hyboot/AppData/Local/UnrealEngine/Common/DerivedDataCache: Writable
[2022.07.08-14.01.36:824][  0]LogDerivedDataCache: Shared data cache path not found in *engine.ini, will not use an Shared cache.
[2022.07.08-14.01.36:824][  0]LogDerivedDataCache: Unable to find inner node Shared for hierarchical cache Hierarchy.
[2022.07.08-14.01.37:027][  0]LogSlate: Using FreeType 2.10.0
[2022.07.08-14.01.37:208][  0]LogSlate: SlateFontServices - WITH_FREETYPE: 1, WITH_HARFBUZZ: 1
[2022.07.08-14.01.38:214][  0]LogAssetRegistry: FAssetRegistry took 0.0108 seconds to start up
[2022.07.08-14.02.25:515][  0]LogInit: Selected Device Profile: [Windows]
[2022.07.08-14.02.25:515][  0]LogInit: Active device profile: [000002070FE22900][000002070D983640 49] Windows
[2022.07.08-14.02.25:515][  0]LogInit: Profiles: [000002070FE22900][000002070D983640 49] Windows, [000002070FDDAE00][000002070D4BF7C0 49] WindowsNoEditor, [000002070FE23400][000002070D4C3940 49] WindowsServer, [000002070FDD8D00][000002070D4C7AC0 49] WindowsClient, [000002070FE20C00][000002070D4CA0C0 49] IOS, [000002070FDD8F00][000002070D4CE240 49] iPadAir, [000002070FE22400][000002070D4D23C0 49] iPadAir2, [0000020710D36500][000002070D4E0680 49] IPadPro, [0000020710D36600][000002070D4D66C0 49] iPadAir3, [000002070FE23C00][000002070D986800 49] iPadAir4, [0000020710D36C00][000002070D4EA940 49] iPadMini2, [000002070FE21A00][000002070D4EEA80 49] iPadMini3, [0000020710D37300][000002070D4F2BC0 49] iPadMini4, [000002070FE21600][000002070D4FAD40 49] iPadMini5, [0000020710D6DE00][000002070D503000 49] iPhone6, [0000020710D6DF00][000002070D4FF040 49] iPodTouch6, [0000020710D37100][000002070D50B300 49] iPhone7, [0000020710D36A00][000002070D507340 49] iPodTouch7, [0000020710D6E100][000002070D50F4C0 49] iPhone5S, [0000020710D36200][000002070D513640 49] iPhone6Plus, [0000020710D6E700][000002070D5177C0 49] iPhone6S, [0000020710D34C00][000002070D51B940 49] iPhone6SPlus, [0000020710D6D100][000002070D51FAC0 49] iPhone7Plus, [0000020710D37900][000002070D5220C0 49] iPhoneSE, [0000020710D6EA00][000002070D526240 49] iPhone8, [0000020710D34200][000002070D52A3C0 49] iPhone8Plus, [0000020710D6DC00][000002070D52E540 49] iPhoneX, [0000020710D37200][000002070D5326C0 49] iPhoneXS, [0000020710D6E900][000002070D536840 49] iPhoneXSMax, [0000020710D35C00][000002070D4F6980 49] iPhoneXR, [0000020710D6FD00][000002070D53AAC0 49] iPhone11, [0000020710D35200][000002070D53EC00 49] iPhone11Pro, [0000020710D6C500][000002070D542D40 49] iPhone11ProMax, [0000020710D34600][000002070D54AEC0 49] iPhoneSE2, [0000020710D6F400][000002070D54F040 49] iPhone12Mini, [0000020710D35500][000002070D5531C0 49] iPhone12, [0000020710D6FC00][000002070D557340 49] iPhone12Pro, [0000020710D34E00][000002070D55B4C0 49] iPhone12ProMax, [0000020710D6E600][000002070D55F640 49] iPadPro105, [0000020710D37600][000002070D5637C0 49] iPadPro129, [0000020710D6F000][000002070D567940 49] iPadPro97, [0000020710D34500][000002070D56BAC0 49] iPadPro2_129, [0000020710D6C400][000002070D56E0C0 49] iPad5, [0000020710D35000][000002070D572240 49] iPad6, [0000020710D6C100][000002070D5763C0 49] iPad7, [0000020710D35800][000002070D57A540 49] iPad8, [0000020710D6F300][0000020710FD06C0 49] iPadPro11, [0000020710D37D00][0000020710FD4840 49] iPadPro2_11, [0000020710D6EB00][0000020710FD89C0 49] iPadPro3_129, [000002070F1F1100][0000020710FDCB40 49] iPadPro4_129, [000002070FDDB300][000002070D546C80 49] AppleTV, [000002070F1F1200][0000020710FE0DC0 49] AppleTV4K, [000002070FDDAD00][0000020710FE4F00 49] TVOS, [000002070F1F0E00][0000020710FED080 49] Mac, [000002070FDD8700][0000020710FF1200 49] MacClient, [000002070F1F0B00][0000020710FF5380 49] MacNoEditor, [000002070FDD9500][0000020710FF9500 49] MacServer, [000002070F1F0900][0000020710FFD680 49] Linux, [000002070FDDAF00][0000020711001800 49] LinuxAArch64, [000002070F1F0600][0000020711005980 49] LinuxNoEditor, [000002070FDDBB00][0000020711009B00 49] LinuxAArch64NoEditor, [000002070F1F0800][000002071100C100 49] LinuxClient, [0000020710D36000][0000020711010280 49] LinuxAArch64Client, [0000020710D6C900][0000020711014400 49] LinuxServer, [0000020710D35E00][0000020711018580 49] LinuxAArch64Server, [0000020710D6EC00][000002071101C700 49] Android, [0000020710D37700][0000020711020880 49] Android_Low, [0000020710D6FF00][0000020711024A00 49] Android_Mid, [0000020710D35700][0000020711028B80 49] Android_High, [0000020710D6CD00][000002071102CD00 49] Android_Default, [0000020710D36800][0000020710FE8E40 49] Android_Adreno4xx, [0000020710D6FB00][0000020711030F80 49] Android_Adreno5xx_Low, [0000020710D37F00][00000207110350C0 49] Android_Adreno5xx, [0000020710D6C300][000002071103D240 49] Android_Adreno6xx, [0000020710D36B00][00000207110413C0 49] Android_Adreno6xx_Vulkan, [0000020710D6E000][0000020711045540 49] Android_Mali_T6xx, [0000020710D34B00][00000207110496C0 49] Android_Mali_T7xx, [0000020710D6DB00][000002071104D840 49] Android_Mali_T8xx, [0000020710D36F00][00000207110519C0 49] Android_Mali_G71, [0000020710D6C600][0000020711055B40 49] Android_Mali_G72, [000002070F1F0100][0000020711058140 49] Android_Mali_G72_Vulkan, [0000020710D6D400][000002071105C2C0 49] Android_Mali_G76, [000002070F1F1400][0000020711060440 49] Android_Mali_G76_Vulkan, [0000020710D6F500][00000207110645C0 49] Android_Mali_G77, [000002070F1F0300][0000020711068740 49] Android_Mali_G77_Vulkan, [0000020710D6F200][000002071106C8C0 49] Android_Mali_G78, [0000020710D34900][0000020711070A40 49] Android_Mali_G78_Vulkan, [0000020710D6E400][0000020711074BC0 49] Android_Mali_G710, [0000020710D37500][0000020711078D40 49] Android_Mali_G710_Vulkan, [0000020710D6CA00][000002071107CEC0 49] Android_Vulkan_SM5, [0000020710D34700][0000020711039000 49] Android_PowerVR_G6xxx, [0000020710D6CC00][0000020711081140 49] Android_PowerVR_GT7xxx, [0000020710D37000][0000020711085280 49] Android_PowerVR_GE8xxx, [0000020710D6D000][00000207110893C0 49] Android_PowerVR_GM9xxx, [0000020710D34D00][0000020711091540 49] Android_PowerVR_GM9xxx_Vulkan, [0000020710D6EF00][00000207110956C0 49] Android_TegraK1, [0000020710D35600][0000020711099840 49] Android_Unknown_Vulkan, [0000020710D6DD00][000002071109D9C0 49] Lumin, [0000020710D37A00][00000207110A1B40 49] Lumin_Desktop, [0000020710D6DA00][00000207110A4140 49] HoloLens, 
[2022.07.08-14.02.34:137][  0]LogMeshReduction: Using QuadricMeshReduction for automatic static mesh reduction
[2022.07.08-14.02.34:137][  0]LogMeshReduction: Using SimplygonMeshReduction for automatic skeletal mesh reduction
[2022.07.08-14.02.34:137][  0]LogMeshReduction: Using ProxyLODMeshReduction for automatic mesh merging
[2022.07.08-14.02.34:137][  0]LogMeshReduction: No distributed automatic mesh merging module available
[2022.07.08-14.02.34:170][  0]LogMeshMerging: No distributed automatic mesh merging module available
